<?xml version="1.0" encoding="UTF-8"?>
<robot generator="Robot 5.0.1 (Python 3.10.6 on win32)" generated="20221019 18:04:26.037" rpa="false" schemaversion="3">
<suite id="s1" name="Tc-Add-Pet" source="c:\Users\AVSKS\Desktop\Rb-fm-test\tc-add-pet.robot">
<test id="s1-t1" name="TC-Delete a Pet" line="78">
<kw name="Open Browser" library="SeleniumLibrary">
<arg>${url}</arg>
<arg>${BROWSER}</arg>
<doc>Opens a new browser instance to the optional ``url``.</doc>
<msg timestamp="20221019 18:04:26.421" level="INFO">Opening browser 'chrome' to base url 'http://127.0.0.1:8000'.</msg>
<status status="PASS" starttime="20221019 18:04:26.421" endtime="20221019 18:04:29.192"/>
</kw>
<kw name="Maximize Browser Window" library="SeleniumLibrary">
<doc>Maximizes current browser window.</doc>
<status status="PASS" starttime="20221019 18:04:29.195" endtime="20221019 18:04:29.371"/>
</kw>
<kw name="Sleep" library="BuiltIn">
<arg>2s</arg>
<doc>Pauses the test executed for the given time.</doc>
<msg timestamp="20221019 18:04:31.373" level="INFO">Slept 2 seconds</msg>
<status status="PASS" starttime="20221019 18:04:29.372" endtime="20221019 18:04:31.373"/>
</kw>
<kw name="Click Link" library="SeleniumLibrary">
<arg>//*[@id="header"]/nav/ul/li[7]/a</arg>
<doc>Clicks a link identified by ``locator``.</doc>
<msg timestamp="20221019 18:04:31.375" level="INFO">Clicking link '//*[@id="header"]/nav/ul/li[7]/a'.</msg>
<status status="PASS" starttime="20221019 18:04:31.374" endtime="20221019 18:04:32.707"/>
</kw>
<kw name="Sleep" library="BuiltIn">
<arg>2s</arg>
<doc>Pauses the test executed for the given time.</doc>
<msg timestamp="20221019 18:04:34.709" level="INFO">Slept 2 seconds</msg>
<status status="PASS" starttime="20221019 18:04:32.708" endtime="20221019 18:04:34.709"/>
</kw>
<kw name="Login">
<kw name="Input Text" library="SeleniumLibrary">
<arg>//*[@id="email"]</arg>
<arg>jojo@gmail.com</arg>
<doc>Types the given ``text`` into the text field identified by ``locator``.</doc>
<msg timestamp="20221019 18:04:34.711" level="INFO">Typing text 'jojo@gmail.com' into text field '//*[@id="email"]'.</msg>
<status status="PASS" starttime="20221019 18:04:34.710" endtime="20221019 18:04:34.899"/>
</kw>
<kw name="Input Password" library="SeleniumLibrary">
<arg>//*[@id="password"]</arg>
<arg>123456789</arg>
<doc>Types the given password into the text field identified by ``locator``.</doc>
<msg timestamp="20221019 18:04:34.900" level="INFO">Typing password into text field '//*[@id="password"]'.</msg>
<msg timestamp="20221019 18:04:34.941" level="INFO">Temporally setting log level to: NONE</msg>
<msg timestamp="20221019 18:04:34.992" level="INFO">Log level changed from NONE to INFO.</msg>
<status status="PASS" starttime="20221019 18:04:34.900" endtime="20221019 18:04:34.993"/>
</kw>
<kw name="Click Button" library="SeleniumLibrary">
<arg>//*[@id="userloginform"]/div[3]/div[2]/button</arg>
<doc>Clicks the button identified by ``locator``.</doc>
<msg timestamp="20221019 18:04:34.993" level="INFO">Clicking button '//*[@id="userloginform"]/div[3]/div[2]/button'.</msg>
<status status="PASS" starttime="20221019 18:04:34.993" endtime="20221019 18:04:37.125"/>
</kw>
<status status="PASS" starttime="20221019 18:04:34.710" endtime="20221019 18:04:37.125"/>
</kw>
<kw name="Sleep" library="BuiltIn">
<arg>1s</arg>
<doc>Pauses the test executed for the given time.</doc>
<msg timestamp="20221019 18:04:38.128" level="INFO">Slept 1 second</msg>
<status status="PASS" starttime="20221019 18:04:37.126" endtime="20221019 18:04:38.128"/>
</kw>
<kw name="Click Element" library="SeleniumLibrary">
<arg>//*[@id="header"]/nav/ul/li[6]</arg>
<doc>Click the element identified by ``locator``.</doc>
<msg timestamp="20221019 18:04:38.129" level="INFO">Clicking element '//*[@id="header"]/nav/ul/li[6]'.</msg>
<status status="PASS" starttime="20221019 18:04:38.128" endtime="20221019 18:04:38.191"/>
</kw>
<kw name="Sleep" library="BuiltIn">
<arg>1s</arg>
<doc>Pauses the test executed for the given time.</doc>
<msg timestamp="20221019 18:04:39.195" level="INFO">Slept 1 second</msg>
<status status="PASS" starttime="20221019 18:04:38.193" endtime="20221019 18:04:39.195"/>
</kw>
<kw name="Click Element" library="SeleniumLibrary">
<arg>//*[@id="header"]/nav/ul/li[6]/ul/li[7]</arg>
<doc>Click the element identified by ``locator``.</doc>
<msg timestamp="20221019 18:04:39.196" level="INFO">Clicking element '//*[@id="header"]/nav/ul/li[6]/ul/li[7]'.</msg>
<status status="PASS" starttime="20221019 18:04:39.196" endtime="20221019 18:04:40.578"/>
</kw>
<kw name="Sleep" library="BuiltIn">
<arg>1s</arg>
<doc>Pauses the test executed for the given time.</doc>
<msg timestamp="20221019 18:04:41.580" level="INFO">Slept 1 second</msg>
<status status="PASS" starttime="20221019 18:04:40.578" endtime="20221019 18:04:41.580"/>
</kw>
<kw name="Click Element" library="SeleniumLibrary">
<arg>//*[@id="layout"]/div[3]/section/div/div/div/div/div/div/div[2]/div/div/table/tbody/tr[2]/td[6]/a[2]</arg>
<doc>Click the element identified by ``locator``.</doc>
<msg timestamp="20221019 18:04:41.584" level="INFO">Clicking element '//*[@id="layout"]/div[3]/section/div/div/div/div/div/div/div[2]/div/div/table/tbody/tr[2]/td[6]/a[2]'.</msg>
<status status="PASS" starttime="20221019 18:04:41.584" endtime="20221019 18:04:41.727"/>
</kw>
<kw name="Sleep" library="BuiltIn">
<arg>1s</arg>
<doc>Pauses the test executed for the given time.</doc>
<msg timestamp="20221019 18:04:42.730" level="INFO">Slept 1 second</msg>
<status status="PASS" starttime="20221019 18:04:41.728" endtime="20221019 18:04:42.731"/>
</kw>
<kw name="Handle Alert" library="SeleniumLibrary">
<arg>accept</arg>
<doc>Handles the current alert and returns its message.</doc>
<msg timestamp="20221019 18:04:42.733" level="INFO">HANDLE::&lt;class 'NoneType'&gt;::None</msg>
<status status="PASS" starttime="20221019 18:04:42.733" endtime="20221019 18:04:42.739"/>
</kw>
<kw name="Close Browser" library="SeleniumLibrary">
<doc>Closes the current browser.</doc>
<status status="PASS" starttime="20221019 18:04:42.740" endtime="20221019 18:04:44.986"/>
</kw>
<status status="PASS" starttime="20221019 18:04:26.419" endtime="20221019 18:04:44.987"/>
</test>
<status status="PASS" starttime="20221019 18:04:26.043" endtime="20221019 18:04:44.988"/>
</suite>
<statistics>
<total>
<stat pass="1" fail="0" skip="0">All Tests</stat>
</total>
<tag>
</tag>
<suite>
<stat pass="1" fail="0" skip="0" id="s1" name="Tc-Add-Pet">Tc-Add-Pet</stat>
</suite>
</statistics>
<errors>
</errors>
</robot>
